<?xml version="1.0" encoding="UTF-8"?>
<!-- Generated by org.testng.reporters.JUnitXMLReporter -->
<testsuite ignored="0" hostname="Lenovo" failures="0" tests="3" name="Test" time="50.235" errors="0" timestamp="2022-08-30T04:30:13 IST">
  <testcase classname="selWithExpMaven.HandlingCaptcha" name="captcha1" time="12.078"/>
  <testcase classname="selWithExpMaven.HandlingCaptcha" name="captcha2" time="17.352"/>
  <testcase classname="selWithExpMaven.SwitchingWindows" name="switchWin" time="20.713"/>
</testsuite> <!-- Test -->
