<?xml version="1.0" encoding="UTF-8"?>
<!-- Generated by org.testng.reporters.JUnitXMLReporter -->
<testsuite ignored="0" hostname="Lenovo" failures="0" tests="3" name="Test" time="45.255" errors="0" timestamp="2022-09-06T10:53:59 IST">
  <testcase classname="selWithExpMaven.HandlingCaptcha" name="captcha1" time="10.545"/>
  <testcase classname="selWithExpMaven.HandlingCaptcha" name="captcha2" time="23.219"/>
  <testcase classname="selWithExpMaven.SwitchingWindows" name="switchWin" time="11.329"/>
</testsuite> <!-- Test -->
