<?xml version="1.0" encoding="UTF-8"?>
<testng-results ignored="0" total="3" passed="3" failed="0" skipped="0">
  <reporter-output>
  </reporter-output>
  <suite started-at="2022-09-06T10:53:14 IST" name="Suite" finished-at="2022-09-06T10:53:59 IST" duration-ms="45255">
    <groups>
    </groups>
    <test started-at="2022-09-06T10:53:14 IST" name="Test" finished-at="2022-09-06T10:53:59 IST" duration-ms="45255">
      <class name="selWithExpMaven.SwitchingWindows">
        <test-method signature="switchWin()[pri:0, instance:selWithExpMaven.SwitchingWindows@6c130c45]" started-at="2022-09-06T10:53:48 IST" name="switchWin" finished-at="2022-09-06T10:53:59 IST" duration-ms="11329" status="PASS">
          <reporter-output>
          </reporter-output>
        </test-method> <!-- switchWin -->
      </class> <!-- selWithExpMaven.SwitchingWindows -->
      <class name="selWithExpMaven.HandlingCaptcha">
        <test-method signature="captcha1()[pri:0, instance:selWithExpMaven.HandlingCaptcha@27ff5d15]" started-at="2022-09-06T10:53:14 IST" name="captcha1" finished-at="2022-09-06T10:53:25 IST" duration-ms="10545" status="PASS">
          <reporter-output>
          </reporter-output>
        </test-method> <!-- captcha1 -->
        <test-method signature="captcha2()[pri:0, instance:selWithExpMaven.HandlingCaptcha@27ff5d15]" started-at="2022-09-06T10:53:25 IST" name="captcha2" finished-at="2022-09-06T10:53:48 IST" duration-ms="23219" status="PASS">
          <reporter-output>
          </reporter-output>
        </test-method> <!-- captcha2 -->
      </class> <!-- selWithExpMaven.HandlingCaptcha -->
    </test> <!-- Test -->
  </suite> <!-- Suite -->
</testng-results>
