<?xml version="1.0" encoding="UTF-8"?>
<testng-results ignored="0" total="3" passed="3" failed="0" skipped="0">
  <reporter-output>
  </reporter-output>
  <suite started-at="2022-08-30T04:29:23 IST" name="Suite" finished-at="2022-08-30T04:30:13 IST" duration-ms="50235">
    <groups>
    </groups>
    <test started-at="2022-08-30T04:29:23 IST" name="Test" finished-at="2022-08-30T04:30:13 IST" duration-ms="50235">
      <class name="selWithExpMaven.SwitchingWindows">
        <test-method signature="switchWin()[pri:0, instance:selWithExpMaven.SwitchingWindows@32b260fa]" started-at="2022-08-30T04:29:52 IST" name="switchWin" finished-at="2022-08-30T04:30:13 IST" duration-ms="20713" status="PASS">
          <reporter-output>
          </reporter-output>
        </test-method> <!-- switchWin -->
      </class> <!-- selWithExpMaven.SwitchingWindows -->
      <class name="selWithExpMaven.HandlingCaptcha">
        <test-method signature="captcha1()[pri:0, instance:selWithExpMaven.HandlingCaptcha@2b48a640]" started-at="2022-08-30T04:29:23 IST" name="captcha1" finished-at="2022-08-30T04:29:35 IST" duration-ms="12078" status="PASS">
          <reporter-output>
          </reporter-output>
        </test-method> <!-- captcha1 -->
        <test-method signature="captcha2()[pri:0, instance:selWithExpMaven.HandlingCaptcha@2b48a640]" started-at="2022-08-30T04:29:35 IST" name="captcha2" finished-at="2022-08-30T04:29:52 IST" duration-ms="17352" status="PASS">
          <reporter-output>
          </reporter-output>
        </test-method> <!-- captcha2 -->
      </class> <!-- selWithExpMaven.HandlingCaptcha -->
    </test> <!-- Test -->
  </suite> <!-- Suite -->
</testng-results>
